<?xml version="1.0" encoding="UTF-8"?>
<testsuite name="com.sparta.memopj.MemoPjApplicationTests" tests="1" skipped="0" failures="0" errors="0" timestamp="2024-08-20T09:11:13" hostname="DESKTOP-CJFO0VL" time="0.937">
  <properties/>
  <testcase name="contextLoads()" classname="com.sparta.memopj.MemoPjApplicationTests" time="0.937"/>
  <system-out><![CDATA[18:11:11.338 [Test worker] INFO org.springframework.test.context.support.AnnotationConfigContextLoaderUtils -- Could not detect default configuration classes for test class [com.sparta.memopj.MemoPjApplicationTests]: MemoPjApplicationTests does not declare any static, non-private, non-final, nested classes annotated with @Configuration.
18:11:11.503 [Test worker] INFO org.springframework.boot.test.context.SpringBootTestContextBootstrapper -- Found @SpringBootConfiguration com.sparta.memopj.MemoPjApplication for test class com.sparta.memopj.MemoPjApplicationTests

  .   ____          _            __ _ _
 /\\ / ___'_ __ _ _(_)_ __  __ _ \ \ \ \
( ( )\___ | '_ | '_| | '_ \/ _` | \ \ \ \
 \\/  ___)| |_)| | | | | || (_| |  ) ) ) )
  '  |____| .__|_| |_|_| |_\__, | / / / /
 =========|_|==============|___/=/_/_/_/

 :: Spring Boot ::                (v3.3.2)

2024-08-20T18:11:11.952+09:00  INFO 65924 --- [    Test worker] c.sparta.memopj.MemoPjApplicationTests   : Starting MemoPjApplicationTests using Java 17.0.12 with PID 65924 (started by kh2j2 in C:\SpartaMemoPj\MemoPj)
2024-08-20T18:11:11.954+09:00  INFO 65924 --- [    Test worker] c.sparta.memopj.MemoPjApplicationTests   : No active profile set, falling back to 1 default profile: "default"
2024-08-20T18:11:13.135+09:00  INFO 65924 --- [    Test worker] o.s.b.a.w.s.WelcomePageHandlerMapping    : Adding welcome page: class path resource [static/index.html]
2024-08-20T18:11:13.524+09:00  INFO 65924 --- [    Test worker] c.sparta.memopj.MemoPjApplicationTests   : Started MemoPjApplicationTests in 1.816 seconds (process running for 3.377)
]]></system-out>
  <system-err><![CDATA[]]></system-err>
</testsuite>
